<?xml version="1.0" encoding="UTF-8"?>
<!-- Generated by org.testng.reporters.JUnitReportReporter -->
<testsuite hostname="DESKTOP-1AO5130" failures="0" tests="1" name="testcases.SearchItemTest" time="20.344" errors="0" timestamp="2021-09-17T18:21:10 EDT" skipped="0">
  <testcase classname="testcases.SearchItemTest" name="searchItemTest" time="20.344"/>
  <system-out/>
</testsuite> <!-- testcases.SearchItemTest -->
