<?xml version="1.0" encoding="UTF-8"?>
<!-- Generated by org.testng.reporters.JUnitReportReporter -->
<testsuite hostname="DESKTOP-1AO5130" failures="0" tests="1" name="testcases.TitleSectionTest" time="0.072" errors="0" timestamp="2021-09-17T18:21:10 EDT" skipped="1">
  <testcase classname="testcases.TitleSectionTest" name="validateTitle" time="0.072">
    <skipped/>
  </testcase> <!-- validateTitle -->
  <system-out/>
</testsuite> <!-- testcases.TitleSectionTest -->
